<?xml version="1.0" encoding="UTF-8"?>
<!-- Generated by org.testng.reporters.JUnitXMLReporter -->
<testsuite ignored="0" hostname="DESKTOP-FO7068N" failures="0" tests="10" name="Test" time="0.863" errors="0" timestamp="2024-09-20T06:32:48 IST">
  <testcase classname="firstsegment.Registration" name="UserID_Creation" time="0.198"/>
  <testcase classname="firstsegment.Registration" name="UserName_Field" time="0.007"/>
  <testcase classname="firstsegment.Registration" name="User_EmailId" time="0.005"/>
  <testcase classname="firstsegment.Registration" name="User_MobileNo" time="0.006"/>
  <testcase classname="secondsegment.HomePage" name="Customer_review" time="0.024"/>
  <testcase classname="secondsegment.HomePage" name="Menue_Option" time="0.006"/>
  <testcase classname="secondsegment.HomePage" name="Product_Tab" time="0.012"/>
  <testcase classname="secondsegment.HomePage" name="Search_option" time="0.015"/>
  <testcase classname="thirdsegment.WishList" name="Multiple_Product" time="0.011"/>
  <testcase classname="thirdsegment.WishList" name="ProductList" time="0.009"/>
</testsuite> <!-- Test -->
