<?xml version="1.0" encoding="UTF-8"?>
<!-- Generated by org.testng.reporters.JUnitXMLReporter -->
<testsuite ignored="0" hostname="DESKTOP-FO7068N" failures="0" tests="4" name="Test" time="1.321" errors="0" timestamp="2024-09-20T09:44:25 IST">
  <testcase classname="firstsegment.Registration" name="UserID_Creation" time="0.381"/>
  <testcase classname="firstsegment.Registration" name="UserName_Field" time="0.003"/>
  <testcase classname="firstsegment.Registration" name="User_EmailId" time="0.003"/>
  <testcase classname="firstsegment.Registration" name="User_MobileNo" time="0.011"/>
</testsuite> <!-- Test -->
