<?xml version="1.0" encoding="UTF-8"?>
<!-- Generated by org.testng.reporters.JUnitXMLReporter -->
<testsuite ignored="0" hostname="DESKTOP-FO7068N" failures="0" tests="4" name="Test" time="0.108" errors="0" timestamp="2024-09-20T09:44:25 IST">
  <testcase classname="secondsegment.HomePage" name="Customer_review" time="0.004"/>
  <testcase classname="secondsegment.HomePage" name="Menue_Option" time="0.015"/>
  <testcase classname="secondsegment.HomePage" name="Product_Tab" time="0.02"/>
  <testcase classname="secondsegment.HomePage" name="Search_option" time="0.005"/>
</testsuite> <!-- Test -->
